app/build/intermediates/manifest_merge_blame_file/debug/manifest-merger-blame-debug-report.txt
1<?xml version="1.0" encoding="utf-8"?>
2<manifest xmlns:android="http://schemas.android.com/apk/res/android"
3    package="com.touchsurgery.thesurgeonstodolist"
4    android:versionCode="1"
5    android:versionName="1.0" >
6
7    <uses-sdk
8        android:minSdkVersion="27"
8-->src/main/AndroidManifest.xml
9        android:targetSdkVersion="27" />
9-->src/main/AndroidManifest.xml
10
11    <application
11-->src/main/AndroidManifest.xml:4:5-21:19
12        android:allowBackup="true"
12-->src/main/AndroidManifest.xml:5:13-39
13        android:debuggable="true"
14        android:icon="@mipmap/ic_launcher"
14-->src/main/AndroidManifest.xml:6:13-47
15        android:label="@string/app_name"
15-->src/main/AndroidManifest.xml:7:13-45
16        android:roundIcon="@mipmap/ic_launcher_round"
16-->src/main/AndroidManifest.xml:8:13-58
17        android:supportsRtl="true"
17-->src/main/AndroidManifest.xml:9:13-39
18        android:theme="@style/AppTheme" >
18-->src/main/AndroidManifest.xml:10:13-44
19        <activity
19-->src/main/AndroidManifest.xml:11:9-19:20
20            android:name="com.touchsurgery.thesurgeonstodolist.activities.MainActivity"
20-->src/main/AndroidManifest.xml:12:17-56
21            android:label="@string/app_name" >
21-->src/main/AndroidManifest.xml:13:17-49
22            <intent-filter>
22-->src/main/AndroidManifest.xml:14:13-18:29
23                <action android:name="android.intent.action.MAIN" />
23-->src/main/AndroidManifest.xml:15:17-69
23-->src/main/AndroidManifest.xml:15:25-66
24
25                <category android:name="android.intent.category.LAUNCHER" />
25-->src/main/AndroidManifest.xml:17:17-77
25-->src/main/AndroidManifest.xml:17:27-74
26            </intent-filter>
27        </activity>
28        <activity android:name="com.touchsurgery.thesurgeonstodolist.activities.SettingsActivity" />
28-->src/main/AndroidManifest.xml:20:9-74
28-->src/main/AndroidManifest.xml:20:19-62
29
30        <meta-data
30-->[android.arch.lifecycle:runtime:1.0.0] AndroidManifest.xml:25:9-27:47
31            android:name="android.arch.lifecycle.VERSION"
31-->[android.arch.lifecycle:runtime:1.0.0] AndroidManifest.xml:26:13-58
32            android:value="27.0.0-SNAPSHOT" />
32-->[android.arch.lifecycle:runtime:1.0.0] AndroidManifest.xml:27:13-44
33    </application>
34
35</manifest>